<?xml version="1.0" encoding="UTF-8"?>
<!-- Generated by org.testng.reporters.JUnitReportReporter -->
<testsuite hostname="LAPTOP-PLDVID4F" failures="0" tests="1" name="utilities.Executor" time="7.159" errors="0" timestamp="2021-12-30T12:39:00 IST" skipped="0">
  <testcase classname="utilities.Executor" name="startApp" time="7.159"/>
  <system-out/>
</testsuite> <!-- utilities.Executor -->
