<?xml version="1.0" encoding="UTF-8"?>
<!-- Generated by org.testng.reporters.JUnitReportReporter -->
<testsuite hostname="LAPTOP-PLDVID4F" failures="0" tests="1" name="tests.TC001_EditFeature" time="3.463" errors="0" timestamp="2021-12-30T18:20:03 IST" skipped="0">
  <testcase classname="tests.TC001_EditFeature" name="Edit_Validation" time="3.463"/>
  <system-out/>
</testsuite> <!-- tests.TC001_EditFeature -->
